<?xml version="1.0" encoding="UTF-8"?>
<!-- Generated by org.testng.reporters.JUnitReportReporter -->
<testsuite hostname="LAPTOP-75UKIH44" failures="0" tests="1" name="base.TearUp" time="0.023" errors="0" timestamp="2022-09-25T16:21:29 IST" skipped="0">
  <testcase classname="base.TearUp" name="start" time="0.023"/>
  <system-out/>
</testsuite> <!-- base.TearUp -->
