<?xml version="1.0" encoding="UTF-8"?>
<!-- Generated by org.testng.reporters.JUnitReportReporter -->
<testsuite hostname="LAPTOP-75UKIH44" failures="0" tests="1" name="test.One1" time="9.074" errors="0" timestamp="2022-09-25T17:22:17 IST" skipped="0">
  <testcase classname="test.One1" name="one" time="9.074"/>
  <system-out/>
</testsuite> <!-- test.One1 -->
