<?xml version="1.0" encoding="UTF-8"?>
<!-- Generated by org.testng.reporters.JUnitReportReporter -->
<testsuite hostname="LAPTOP-75UKIH44" failures="0" tests="1" name="test.Two2" time="15.334" errors="0" timestamp="2022-09-25T17:22:17 IST" skipped="0">
  <testcase classname="test.Two2" name="two" time="15.334"/>
  <system-out/>
</testsuite> <!-- test.Two2 -->
