<?xml version="1.0" encoding="UTF-8"?>
<!-- Generated by org.testng.reporters.JUnitReportReporter -->
<testsuite hostname="LAPTOP-75UKIH44" failures="0" tests="1" name="test.Close_cmd" time="0.022" errors="0" timestamp="2022-09-25T17:07:39 IST" skipped="0">
  <testcase classname="test.Close_cmd" name="start" time="0.022"/>
  <system-out/>
</testsuite> <!-- test.Close_cmd -->
