<?xml version="1.0" encoding="UTF-8"?>
<!-- Generated by org.testng.reporters.JUnitReportReporter -->
<testsuite hostname="LAPTOP-75UKIH44" failures="0" tests="2" name="com.ibm.SC_Bank.Login_Test" time="45.118" errors="0" timestamp="2022-09-19T16:38:47 IST" skipped="0">
  <testcase classname="com.ibm.SC_Bank.Login_Test" name="m1" time="24.241"/>
  <system-out/>
  <testcase classname="com.ibm.SC_Bank.Login_Test" name="m2" time="20.877"/>
  <system-out/>
</testsuite> <!-- com.ibm.SC_Bank.Login_Test -->
