<?xml version="1.0" encoding="UTF-8"?>
<!-- Generated by org.testng.reporters.JUnitReportReporter -->
<testsuite hostname="LAPTOP-75UKIH44" failures="0" tests="1" name="com.ibm.SC_Bank.Chrome3" time="32.008" errors="0" timestamp="2022-09-19T22:10:37 IST" skipped="0">
  <testcase classname="com.ibm.SC_Bank.Chrome3" name="m3" time="32.008"/>
  <system-out/>
</testsuite> <!-- com.ibm.SC_Bank.Chrome3 -->
