<?xml version="1.0" encoding="UTF-8"?>
<!-- Generated by org.testng.reporters.JUnitReportReporter -->
<testsuite hostname="LAPTOP-75UKIH44" failures="0" tests="1" name="com.ibm.SC_Bank.Firefox" time="37.381" errors="0" timestamp="2022-09-19T22:10:37 IST" skipped="0">
  <testcase classname="com.ibm.SC_Bank.Firefox" name="m5" time="37.381"/>
  <system-out/>
</testsuite> <!-- com.ibm.SC_Bank.Firefox -->
