<?xml version="1.0" encoding="UTF-8"?>
<!-- Generated by org.testng.reporters.JUnitReportReporter -->
<testsuite hostname="LAPTOP-75UKIH44" failures="0" tests="1" name="test.Two2" time="19.181" errors="0" timestamp="2022-10-03T20:05:52 IST" skipped="0">
  <testcase classname="test.Two2" name="two" time="19.181"/>
  <system-out/>
</testsuite> <!-- test.Two2 -->
