<?xml version="1.0" encoding="UTF-8"?>
<!-- Generated by org.testng.reporters.JUnitReportReporter -->
<testsuite hostname="LAPTOP-75UKIH44" failures="0" tests="1" name="test.Three3" time="18.471" errors="0" timestamp="2022-10-03T20:05:52 IST" skipped="0">
  <testcase classname="test.Three3" name="three" time="18.471"/>
  <system-out/>
</testsuite> <!-- test.Three3 -->
