<?xml version="1.0" encoding="UTF-8"?>
<!-- Generated by org.testng.reporters.JUnitReportReporter -->
<testsuite hostname="LAPTOP-75UKIH44" failures="0" tests="1" name="com.ibm.SC_Bank.Login_Test" time="29.913" errors="0" timestamp="2022-09-18T17:07:37 IST" skipped="0">
  <testcase classname="com.ibm.SC_Bank.Login_Test" name="m1" time="29.913"/>
  <system-out/>
</testsuite> <!-- com.ibm.SC_Bank.Login_Test -->
