<?xml version="1.0" encoding="UTF-8"?>
<!-- Generated by org.testng.reporters.JUnitReportReporter -->
<testsuite hostname="LAPTOP-75UKIH44" failures="0" tests="1" name="test.Three3" time="16.565" errors="0" timestamp="2022-10-06T20:51:25 IST" skipped="0">
  <testcase classname="test.Three3" name="three" time="16.565"/>
  <system-out/>
</testsuite> <!-- test.Three3 -->
